0 info it worked if it ends with ok
1 verbose cli [ '/usr/bin/node',
1 verbose cli   '/usr/bin/npm',
1 verbose cli   'install',
1 verbose cli   '-global',
1 verbose cli   'express' ]
2 info using npm@6.4.1
3 info using node@v8.12.0
4 verbose npm-session 97aa0190465c5af7
5 silly install loadCurrentTree
6 silly install readGlobalPackageData
7 http fetch GET 200 https://registry.npmjs.org/express 131ms
8 silly pacote tag manifest for express@latest fetched in 152ms
9 timing stage:loadCurrentTree Completed in 314ms
10 silly install loadIdealTree
11 silly install cloneCurrentTreeToIdealTree
12 timing stage:loadIdealTree:cloneCurrentTree Completed in 0ms
13 silly install loadShrinkwrap
14 timing stage:loadIdealTree:loadShrinkwrap Completed in 2ms
15 silly install loadAllDepsIntoIdealTree
16 silly resolveWithNewModule express@4.16.3 checking installable status
17 http fetch GET 200 https://registry.npmjs.org/accepts 63ms
18 silly pacote range manifest for accepts@~1.3.5 fetched in 66ms
19 silly resolveWithNewModule accepts@1.3.5 checking installable status
20 http fetch GET 200 https://registry.npmjs.org/content-disposition 76ms
21 http fetch GET 200 https://registry.npmjs.org/cookie 75ms
22 silly pacote version manifest for content-disposition@0.5.2 fetched in 104ms
23 silly resolveWithNewModule content-disposition@0.5.2 checking installable status
24 silly pacote version manifest for cookie@0.3.1 fetched in 104ms
25 silly resolveWithNewModule cookie@0.3.1 checking installable status
26 http fetch GET 200 https://registry.npmjs.org/content-type 107ms
27 http fetch GET 200 https://registry.npmjs.org/cookie-signature 106ms
28 http fetch GET 200 https://registry.npmjs.org/depd 107ms
29 http fetch GET 200 https://registry.npmjs.org/encodeurl 108ms
30 http fetch GET 200 https://registry.npmjs.org/body-parser 113ms
31 http fetch GET 200 https://registry.npmjs.org/array-flatten 115ms
32 http fetch GET 200 https://registry.npmjs.org/escape-html 50ms
33 http fetch GET 200 https://registry.npmjs.org/debug 115ms
34 silly pacote range manifest for content-type@~1.0.4 fetched in 131ms
35 silly resolveWithNewModule content-type@1.0.4 checking installable status
36 silly pacote version manifest for cookie-signature@1.0.6 fetched in 131ms
37 silly resolveWithNewModule cookie-signature@1.0.6 checking installable status
38 silly pacote range manifest for depd@~1.1.2 fetched in 131ms
39 silly resolveWithNewModule depd@1.1.2 checking installable status
40 silly pacote range manifest for encodeurl@~1.0.2 fetched in 132ms
41 silly resolveWithNewModule encodeurl@1.0.2 checking installable status
42 silly pacote range manifest for escape-html@~1.0.3 fetched in 71ms
43 silly resolveWithNewModule escape-html@1.0.3 checking installable status
44 silly pacote version manifest for body-parser@1.18.2 fetched in 139ms
45 silly resolveWithNewModule body-parser@1.18.2 checking installable status
46 silly pacote version manifest for array-flatten@1.1.1 fetched in 141ms
47 silly resolveWithNewModule array-flatten@1.1.1 checking installable status
48 http fetch GET 200 https://registry.npmjs.org/etag 39ms
49 http fetch GET 200 https://registry.npmjs.org/finalhandler 40ms
50 http fetch GET 200 https://registry.npmjs.org/merge-descriptors 85ms
51 silly pacote range manifest for etag@~1.8.1 fetched in 114ms
52 silly resolveWithNewModule etag@1.8.1 checking installable status
53 silly pacote version manifest for finalhandler@1.1.1 fetched in 122ms
54 silly resolveWithNewModule finalhandler@1.1.1 checking installable status
55 http fetch GET 200 https://registry.npmjs.org/debug/-/debug-2.6.9.tgz 109ms
56 http fetch GET 200 https://registry.npmjs.org/fresh 98ms
57 http fetch GET 200 https://registry.npmjs.org/proxy-addr 91ms
58 http fetch GET 200 https://registry.npmjs.org/parseurl 95ms
59 http fetch GET 200 https://registry.npmjs.org/methods 96ms
60 http fetch GET 200 https://registry.npmjs.org/on-finished 96ms
61 http fetch GET 200 https://registry.npmjs.org/path-to-regexp 92ms
62 silly pacote version manifest for merge-descriptors@1.0.1 fetched in 114ms
63 silly resolveWithNewModule merge-descriptors@1.0.1 checking installable status
64 silly pacote version manifest for debug@2.6.9 fetched in 249ms
65 silly resolveWithNewModule debug@2.6.9 checking installable status
66 silly pacote version manifest for fresh@0.5.2 fetched in 122ms
67 silly resolveWithNewModule fresh@0.5.2 checking installable status
68 silly pacote range manifest for parseurl@~1.3.2 fetched in 118ms
69 silly resolveWithNewModule parseurl@1.3.2 checking installable status
70 silly pacote range manifest for methods@~1.1.2 fetched in 119ms
71 silly resolveWithNewModule methods@1.1.2 checking installable status
72 silly pacote range manifest for on-finished@~2.3.0 fetched in 120ms
73 silly resolveWithNewModule on-finished@2.3.0 checking installable status
74 silly pacote version manifest for path-to-regexp@0.1.7 fetched in 118ms
75 silly resolveWithNewModule path-to-regexp@0.1.7 checking installable status
76 http fetch GET 200 https://registry.npmjs.org/qs 51ms
77 http fetch GET 200 https://registry.npmjs.org/range-parser 46ms
78 http fetch GET 200 https://registry.npmjs.org/safe-buffer 31ms
79 silly pacote version manifest for qs@6.5.1 fetched in 61ms
80 silly resolveWithNewModule qs@6.5.1 checking installable status
81 http fetch GET 200 https://registry.npmjs.org/send 34ms
82 silly pacote range manifest for range-parser@~1.2.0 fetched in 64ms
83 silly resolveWithNewModule range-parser@1.2.0 checking installable status
84 silly pacote version manifest for safe-buffer@5.1.1 fetched in 49ms
85 silly resolveWithNewModule safe-buffer@5.1.1 checking installable status
86 http fetch GET 200 https://registry.npmjs.org/setprototypeof 47ms
87 http fetch GET 200 https://registry.npmjs.org/serve-static 48ms
88 silly pacote version manifest for send@0.16.2 fetched in 57ms
89 silly resolveWithNewModule send@0.16.2 checking installable status
90 http fetch GET 200 https://registry.npmjs.org/proxy-addr/-/proxy-addr-2.0.4.tgz 71ms
91 http fetch GET 200 https://registry.npmjs.org/statuses 53ms
92 http fetch GET 200 https://registry.npmjs.org/utils-merge 53ms
93 http fetch GET 200 https://registry.npmjs.org/vary 33ms
94 silly pacote version manifest for setprototypeof@1.1.0 fetched in 62ms
95 silly resolveWithNewModule setprototypeof@1.1.0 checking installable status
96 silly pacote range manifest for proxy-addr@~2.0.3 fetched in 181ms
97 silly resolveWithNewModule proxy-addr@2.0.4 checking installable status
98 silly pacote version manifest for serve-static@1.13.2 fetched in 64ms
99 silly resolveWithNewModule serve-static@1.13.2 checking installable status
100 http fetch GET 200 https://registry.npmjs.org/type-is 64ms
101 silly pacote version manifest for utils-merge@1.0.1 fetched in 64ms
102 silly resolveWithNewModule utils-merge@1.0.1 checking installable status
103 silly pacote range manifest for statuses@~1.4.0 fetched in 66ms
104 silly resolveWithNewModule statuses@1.4.0 checking installable status
105 silly pacote range manifest for vary@~1.1.2 fetched in 44ms
106 silly resolveWithNewModule vary@1.1.2 checking installable status
107 silly pacote range manifest for type-is@~1.6.16 fetched in 69ms
108 silly resolveWithNewModule type-is@1.6.16 checking installable status
109 http fetch GET 200 https://registry.npmjs.org/mime-types 29ms
110 silly pacote range manifest for mime-types@~2.1.18 fetched in 31ms
111 silly resolveWithNewModule mime-types@2.1.20 checking installable status
112 http fetch GET 200 https://registry.npmjs.org/negotiator 36ms
113 silly pacote version manifest for negotiator@0.6.1 fetched in 39ms
114 silly resolveWithNewModule negotiator@0.6.1 checking installable status
115 http fetch GET 200 https://registry.npmjs.org/mime-db 19ms
116 silly pacote range manifest for mime-db@~1.36.0 fetched in 22ms
117 silly resolveWithNewModule mime-db@1.36.0 checking installable status
118 http fetch GET 200 https://registry.npmjs.org/http-errors 27ms
119 http fetch GET 200 https://registry.npmjs.org/raw-body 28ms
120 silly pacote range manifest for http-errors@~1.6.2 fetched in 39ms
121 silly resolveWithNewModule http-errors@1.6.3 checking installable status
122 silly pacote version manifest for raw-body@2.3.2 fetched in 38ms
123 silly resolveWithNewModule raw-body@2.3.2 checking installable status
124 http fetch GET 200 https://registry.npmjs.org/bytes 41ms
125 silly pacote version manifest for bytes@3.0.0 fetched in 42ms
126 silly resolveWithNewModule bytes@3.0.0 checking installable status
127 http fetch GET 200 https://registry.npmjs.org/iconv-lite 46ms
128 silly pacote version manifest for iconv-lite@0.4.19 fetched in 49ms
129 silly resolveWithNewModule iconv-lite@0.4.19 checking installable status
130 http fetch GET 200 https://registry.npmjs.org/ms 57ms
131 silly pacote version manifest for ms@2.0.0 fetched in 59ms
132 silly resolveWithNewModule ms@2.0.0 checking installable status
133 http fetch GET 200 https://registry.npmjs.org/inherits 20ms
134 silly pacote version manifest for inherits@2.0.3 fetched in 22ms
135 silly resolveWithNewModule inherits@2.0.3 checking installable status
136 http fetch GET 200 https://registry.npmjs.org/ee-first 18ms
137 silly pacote version manifest for ee-first@1.1.1 fetched in 20ms
138 silly resolveWithNewModule ee-first@1.1.1 checking installable status
139 http fetch GET 200 https://registry.npmjs.org/unpipe 19ms
140 silly pacote version manifest for unpipe@1.0.0 fetched in 24ms
141 silly resolveWithNewModule unpipe@1.0.0 checking installable status
142 http fetch GET 200 https://registry.npmjs.org/http-errors/-/http-errors-1.6.2.tgz 23ms
143 silly pacote version manifest for http-errors@1.6.2 fetched in 26ms
144 silly resolveWithNewModule http-errors@1.6.2 checking installable status
145 silly pacote version manifest for depd@1.1.1 fetched in 3ms
146 silly resolveWithNewModule depd@1.1.1 checking installable status
147 silly pacote version manifest for setprototypeof@1.0.3 fetched in 4ms
148 silly resolveWithNewModule setprototypeof@1.0.3 checking installable status
149 http fetch GET 200 https://registry.npmjs.org/media-typer 19ms
150 silly pacote version manifest for media-typer@0.3.0 fetched in 21ms
151 silly resolveWithNewModule media-typer@0.3.0 checking installable status
152 http fetch GET 200 https://registry.npmjs.org/forwarded 28ms
153 http fetch GET 200 https://registry.npmjs.org/ipaddr.js 29ms
154 silly pacote range manifest for forwarded@~0.1.2 fetched in 37ms
155 silly resolveWithNewModule forwarded@0.1.2 checking installable status
156 silly pacote version manifest for ipaddr.js@1.8.0 fetched in 38ms
157 silly resolveWithNewModule ipaddr.js@1.8.0 checking installable status
158 http fetch GET 200 https://registry.npmjs.org/mime 18ms
159 silly pacote version manifest for mime@1.4.1 fetched in 21ms
160 silly resolveWithNewModule mime@1.4.1 checking installable status
161 http fetch GET 200 https://registry.npmjs.org/destroy 37ms
162 silly pacote range manifest for destroy@~1.0.4 fetched in 39ms
163 silly resolveWithNewModule destroy@1.0.4 checking installable status
164 timing stage:loadIdealTree:loadAllDepsIntoIdealTree Completed in 754ms
165 timing stage:loadIdealTree Completed in 791ms
166 silly currentTree lib
167 silly idealTree lib
167 silly idealTree └─┬ express@4.16.3
167 silly idealTree   ├── accepts@1.3.5
167 silly idealTree   ├── array-flatten@1.1.1
167 silly idealTree   ├── body-parser@1.18.2
167 silly idealTree   ├── bytes@3.0.0
167 silly idealTree   ├── content-disposition@0.5.2
167 silly idealTree   ├── content-type@1.0.4
167 silly idealTree   ├── cookie-signature@1.0.6
167 silly idealTree   ├── cookie@0.3.1
167 silly idealTree   ├── debug@2.6.9
167 silly idealTree   ├── depd@1.1.2
167 silly idealTree   ├── destroy@1.0.4
167 silly idealTree   ├── ee-first@1.1.1
167 silly idealTree   ├── encodeurl@1.0.2
167 silly idealTree   ├── escape-html@1.0.3
167 silly idealTree   ├── etag@1.8.1
167 silly idealTree   ├── finalhandler@1.1.1
167 silly idealTree   ├── forwarded@0.1.2
167 silly idealTree   ├── fresh@0.5.2
167 silly idealTree   ├── http-errors@1.6.3
167 silly idealTree   ├── iconv-lite@0.4.19
167 silly idealTree   ├── inherits@2.0.3
167 silly idealTree   ├── ipaddr.js@1.8.0
167 silly idealTree   ├── media-typer@0.3.0
167 silly idealTree   ├── merge-descriptors@1.0.1
167 silly idealTree   ├── methods@1.1.2
167 silly idealTree   ├── mime-db@1.36.0
167 silly idealTree   ├── mime-types@2.1.20
167 silly idealTree   ├── mime@1.4.1
167 silly idealTree   ├── ms@2.0.0
167 silly idealTree   ├── negotiator@0.6.1
167 silly idealTree   ├── on-finished@2.3.0
167 silly idealTree   ├── parseurl@1.3.2
167 silly idealTree   ├── path-to-regexp@0.1.7
167 silly idealTree   ├── proxy-addr@2.0.4
167 silly idealTree   ├── qs@6.5.1
167 silly idealTree   ├── range-parser@1.2.0
167 silly idealTree   ├─┬ raw-body@2.3.2
167 silly idealTree   │ ├── depd@1.1.1
167 silly idealTree   │ ├── http-errors@1.6.2
167 silly idealTree   │ └── setprototypeof@1.0.3
167 silly idealTree   ├── safe-buffer@5.1.1
167 silly idealTree   ├── send@0.16.2
167 silly idealTree   ├── serve-static@1.13.2
167 silly idealTree   ├── setprototypeof@1.1.0
167 silly idealTree   ├── statuses@1.4.0
167 silly idealTree   ├── type-is@1.6.16
167 silly idealTree   ├── unpipe@1.0.0
167 silly idealTree   ├── utils-merge@1.0.1
167 silly idealTree   └── vary@1.1.2
168 silly install generateActionsToTake
169 warn checkPermissions Missing write access to /usr/lib/node_modules
170 timing stage:rollbackFailedOptional Completed in 1ms
171 timing stage:runTopLevelLifecycles Completed in 1125ms
172 verbose stack Error: EACCES: permission denied, access '/usr/lib/node_modules'
173 verbose cwd /home/centos
174 verbose Linux 3.10.0-862.11.6.el7.x86_64
175 verbose argv "/usr/bin/node" "/usr/bin/npm" "install" "-global" "express"
176 verbose node v8.12.0
177 verbose npm  v6.4.1
178 error path /usr/lib/node_modules
179 error code EACCES
180 error errno -13
181 error syscall access
182 error Error: EACCES: permission denied, access '/usr/lib/node_modules'
182 error  { Error: EACCES: permission denied, access '/usr/lib/node_modules'
182 error   stack: 'Error: EACCES: permission denied, access \'/usr/lib/node_modules\'',
182 error   errno: -13,
182 error   code: 'EACCES',
182 error   syscall: 'access',
182 error   path: '/usr/lib/node_modules' }
183 error The operation was rejected by your operating system.
183 error It is likely you do not have the permissions to access this file as the current user
183 error
183 error If you believe this might be a permissions issue, please double-check the
183 error permissions of the file and its containing directories, or try running
183 error the command again as root/Administrator (though this is not recommended).
184 verbose exit [ -13, true ]
