0 info it worked if it ends with ok
1 verbose cli [ '/usr/bin/node', '/usr/bin/npm', 'install', '-g', 'mern-cli' ]
2 info using npm@6.4.1
3 info using node@v8.12.0
4 verbose npm-session 36938ea544725be0
5 silly install loadCurrentTree
6 silly install readGlobalPackageData
7 http fetch GET 200 https://registry.npmjs.org/mern-cli 105ms
8 http fetch GET 200 https://registry.npmjs.org/mern-cli/-/mern-cli-2.5.0.tgz 41ms
9 silly pacote tag manifest for mern-cli@latest fetched in 168ms
10 timing stage:loadCurrentTree Completed in 336ms
11 silly install loadIdealTree
12 silly install cloneCurrentTreeToIdealTree
13 timing stage:loadIdealTree:cloneCurrentTree Completed in 1ms
14 silly install loadShrinkwrap
15 timing stage:loadIdealTree:loadShrinkwrap Completed in 1ms
16 silly install loadAllDepsIntoIdealTree
17 silly resolveWithNewModule mern-cli@2.5.0 checking installable status
18 http fetch GET 200 https://registry.npmjs.org/cli-table 49ms
19 silly pacote range manifest for cli-table@^0.3.1 fetched in 53ms
20 silly resolveWithNewModule cli-table@0.3.1 checking installable status
21 http fetch GET 200 https://registry.npmjs.org/shelljs 98ms
22 http fetch GET 200 https://registry.npmjs.org/writefile 99ms
23 http fetch GET 200 https://registry.npmjs.org/ejs 104ms
24 http fetch GET 200 https://registry.npmjs.org/log-update 104ms
25 http fetch GET 304 https://registry.npmjs.org/commander 115ms (from cache)
26 http fetch GET 304 https://registry.npmjs.org/chalk 118ms (from cache)
27 silly pacote range manifest for writefile@^0.2.8 fetched in 114ms
28 silly resolveWithNewModule writefile@0.2.8 checking installable status
29 silly pacote range manifest for shelljs@^0.8.2 fetched in 117ms
30 silly resolveWithNewModule shelljs@0.8.2 checking installable status
31 silly pacote range manifest for commander@^2.15.1 fetched in 121ms
32 silly resolveWithNewModule commander@2.18.0 checking installable status
33 silly pacote range manifest for ejs@^2.6.1 fetched in 121ms
34 silly resolveWithNewModule ejs@2.6.1 checking installable status
35 silly pacote range manifest for log-update@^2.3.0 fetched in 120ms
36 silly resolveWithNewModule log-update@2.3.0 checking installable status
37 http fetch GET 200 https://registry.npmjs.org/elegant-spinner 122ms
38 silly pacote range manifest for chalk@^2.4.1 fetched in 127ms
39 silly resolveWithNewModule chalk@2.4.1 checking installable status
40 silly pacote range manifest for elegant-spinner@^1.0.1 fetched in 125ms
41 silly resolveWithNewModule elegant-spinner@1.0.1 checking installable status
42 http fetch GET 304 https://registry.npmjs.org/supports-color 34ms (from cache)
43 http fetch GET 304 https://registry.npmjs.org/ansi-styles 35ms (from cache)
44 http fetch GET 304 https://registry.npmjs.org/escape-string-regexp 37ms (from cache)
45 silly pacote range manifest for escape-string-regexp@^1.0.5 fetched in 39ms
46 silly resolveWithNewModule escape-string-regexp@1.0.5 checking installable status
47 silly pacote range manifest for supports-color@^5.3.0 fetched in 40ms
48 silly resolveWithNewModule supports-color@5.5.0 checking installable status
49 silly pacote range manifest for ansi-styles@^3.2.1 fetched in 41ms
50 silly resolveWithNewModule ansi-styles@3.2.1 checking installable status
51 http fetch GET 200 https://registry.npmjs.org/color-convert 18ms
52 silly pacote range manifest for color-convert@^1.9.0 fetched in 22ms
53 silly resolveWithNewModule color-convert@1.9.3 checking installable status
54 http fetch GET 200 https://registry.npmjs.org/color-name 18ms
55 http fetch GET 200 https://registry.npmjs.org/color-name/-/color-name-1.1.3.tgz 58ms
56 silly pacote version manifest for color-name@1.1.3 fetched in 79ms
57 silly resolveWithNewModule color-name@1.1.3 checking installable status
58 http fetch GET 200 https://registry.npmjs.org/has-flag 25ms
59 silly pacote range manifest for has-flag@^3.0.0 fetched in 27ms
60 silly resolveWithNewModule has-flag@3.0.0 checking installable status
61 http fetch GET 200 https://registry.npmjs.org/colors 25ms
62 silly pacote version manifest for colors@1.0.3 fetched in 27ms
63 silly resolveWithNewModule colors@1.0.3 checking installable status
64 http fetch GET 200 https://registry.npmjs.org/ansi-escapes 25ms
65 silly pacote range manifest for ansi-escapes@^3.0.0 fetched in 29ms
66 silly resolveWithNewModule ansi-escapes@3.1.0 checking installable status
67 http fetch GET 200 https://registry.npmjs.org/cli-cursor 30ms
68 silly pacote range manifest for cli-cursor@^2.0.0 fetched in 32ms
69 silly resolveWithNewModule cli-cursor@2.1.0 checking installable status
70 http fetch GET 200 https://registry.npmjs.org/wrap-ansi 34ms
71 http fetch GET 200 https://registry.npmjs.org/wrap-ansi/-/wrap-ansi-3.0.1.tgz 23ms
72 silly pacote range manifest for wrap-ansi@^3.0.1 fetched in 64ms
73 silly resolveWithNewModule wrap-ansi@3.0.1 checking installable status
74 http fetch GET 200 https://registry.npmjs.org/restore-cursor 20ms
75 silly pacote range manifest for restore-cursor@^2.0.0 fetched in 23ms
76 silly resolveWithNewModule restore-cursor@2.0.0 checking installable status
77 http fetch GET 200 https://registry.npmjs.org/onetime 22ms
78 silly pacote range manifest for onetime@^2.0.0 fetched in 24ms
79 silly resolveWithNewModule onetime@2.0.1 checking installable status
80 http fetch GET 200 https://registry.npmjs.org/signal-exit 30ms
81 silly pacote range manifest for signal-exit@^3.0.2 fetched in 33ms
82 silly resolveWithNewModule signal-exit@3.0.2 checking installable status
83 http fetch GET 200 https://registry.npmjs.org/mimic-fn 38ms
84 silly pacote range manifest for mimic-fn@^1.0.0 fetched in 40ms
85 silly resolveWithNewModule mimic-fn@1.2.0 checking installable status
86 http fetch GET 200 https://registry.npmjs.org/string-width 21ms
87 silly pacote range manifest for string-width@^2.1.1 fetched in 26ms
88 silly resolveWithNewModule string-width@2.1.1 checking installable status
89 http fetch GET 200 https://registry.npmjs.org/strip-ansi 27ms
90 http fetch GET 200 https://registry.npmjs.org/strip-ansi/-/strip-ansi-4.0.0.tgz 20ms
91 silly pacote range manifest for strip-ansi@^4.0.0 fetched in 50ms
92 silly resolveWithNewModule strip-ansi@4.0.0 checking installable status
93 http fetch GET 200 https://registry.npmjs.org/is-fullwidth-code-point 20ms
94 silly pacote range manifest for is-fullwidth-code-point@^2.0.0 fetched in 22ms
95 silly resolveWithNewModule is-fullwidth-code-point@2.0.0 checking installable status
96 http fetch GET 304 https://registry.npmjs.org/ansi-regex 29ms (from cache)
97 http fetch GET 200 https://registry.npmjs.org/ansi-regex/-/ansi-regex-3.0.0.tgz 19ms
98 silly pacote range manifest for ansi-regex@^3.0.0 fetched in 51ms
99 silly resolveWithNewModule ansi-regex@3.0.0 checking installable status
100 http fetch GET 200 https://registry.npmjs.org/rechoir 21ms
101 silly pacote range manifest for rechoir@^0.6.2 fetched in 24ms
102 silly resolveWithNewModule rechoir@0.6.2 checking installable status
103 http fetch GET 304 https://registry.npmjs.org/glob 33ms (from cache)
104 silly pacote range manifest for glob@^7.0.0 fetched in 36ms
105 silly resolveWithNewModule glob@7.1.3 checking installable status
106 http fetch GET 200 https://registry.npmjs.org/interpret 103ms
107 silly pacote range manifest for interpret@^1.0.0 fetched in 105ms
108 silly resolveWithNewModule interpret@1.1.0 checking installable status
109 http fetch GET 304 https://registry.npmjs.org/inherits 42ms (from cache)
110 http fetch GET 304 https://registry.npmjs.org/minimatch 43ms (from cache)
111 http fetch GET 304 https://registry.npmjs.org/inflight 51ms (from cache)
112 silly pacote range manifest for minimatch@^3.0.4 fetched in 52ms
113 silly resolveWithNewModule minimatch@3.0.4 checking installable status
114 silly pacote range manifest for inherits@2 fetched in 52ms
115 silly resolveWithNewModule inherits@2.0.3 checking installable status
116 silly pacote range manifest for inflight@^1.0.4 fetched in 55ms
117 silly resolveWithNewModule inflight@1.0.6 checking installable status
118 http fetch GET 304 https://registry.npmjs.org/once 54ms (from cache)
119 http fetch GET 304 https://registry.npmjs.org/path-is-absolute 55ms (from cache)
120 silly pacote range manifest for path-is-absolute@^1.0.0 fetched in 57ms
121 silly resolveWithNewModule path-is-absolute@1.0.1 checking installable status
122 silly pacote range manifest for once@^1.3.0 fetched in 57ms
123 silly resolveWithNewModule once@1.4.0 checking installable status
124 http fetch GET 304 https://registry.npmjs.org/fs.realpath 60ms (from cache)
125 silly pacote range manifest for fs.realpath@^1.0.0 fetched in 61ms
126 silly resolveWithNewModule fs.realpath@1.0.0 checking installable status
127 http fetch GET 304 https://registry.npmjs.org/wrappy 42ms (from cache)
128 silly pacote range manifest for wrappy@1 fetched in 43ms
129 silly resolveWithNewModule wrappy@1.0.2 checking installable status
130 http fetch GET 304 https://registry.npmjs.org/brace-expansion 28ms (from cache)
131 silly pacote range manifest for brace-expansion@^1.1.7 fetched in 29ms
132 silly resolveWithNewModule brace-expansion@1.1.11 checking installable status
133 http fetch GET 304 https://registry.npmjs.org/balanced-match 31ms (from cache)
134 http fetch GET 304 https://registry.npmjs.org/concat-map 31ms (from cache)
135 silly pacote version manifest for concat-map@0.0.1 fetched in 33ms
136 silly resolveWithNewModule concat-map@0.0.1 checking installable status
137 silly pacote range manifest for balanced-match@^1.0.0 fetched in 34ms
138 silly resolveWithNewModule balanced-match@1.0.0 checking installable status
139 http fetch GET 200 https://registry.npmjs.org/resolve 23ms
140 silly pacote range manifest for resolve@^1.1.6 fetched in 25ms
141 silly resolveWithNewModule resolve@1.8.1 checking installable status
142 http fetch GET 200 https://registry.npmjs.org/path-parse 19ms
143 silly pacote range manifest for path-parse@^1.0.5 fetched in 25ms
144 silly resolveWithNewModule path-parse@1.0.6 checking installable status
145 http fetch GET 200 https://registry.npmjs.org/lift-result 22ms
146 silly pacote range manifest for lift-result@~0.1.5 fetched in 31ms
147 silly resolveWithNewModule lift-result@0.1.5 checking installable status
148 http fetch GET 200 https://registry.npmjs.org/result-type 32ms
149 silly pacote version manifest for result-type@1.0.0 fetched in 36ms
150 silly resolveWithNewModule result-type@1.0.0 checking installable status
151 http fetch GET 304 https://registry.npmjs.org/mkdirp 36ms (from cache)
152 silly pacote range manifest for mkdirp@^0.5.0 fetched in 37ms
153 silly resolveWithNewModule mkdirp@0.5.1 checking installable status
154 http fetch GET 200 https://registry.npmjs.org/result 26ms
155 silly pacote range manifest for result@~1.0.2 fetched in 34ms
156 silly resolveWithNewModule result@1.0.3 checking installable status
157 http fetch GET 200 https://registry.npmjs.org/result-core 22ms
158 silly pacote version manifest for result-core@1.2.1 fetched in 25ms
159 silly resolveWithNewModule result-core@1.2.1 checking installable status
160 info lifecycle next-tick@0.0.2~prepack: next-tick@0.0.2
161 info lifecycle next-tick@0.0.2~postpack: next-tick@0.0.2
162 silly pacote git manifest for next-tick@github:timoxley/next-tick#0.0.2 fetched in 283ms
163 silly resolveWithNewModule next-tick@0.0.2 checking installable status
164 http fetch GET 200 https://registry.npmjs.org/minimist 42ms
165 silly pacote version manifest for minimist@0.0.8 fetched in 43ms
166 silly resolveWithNewModule minimist@0.0.8 checking installable status
167 timing stage:loadIdealTree:loadAllDepsIntoIdealTree Completed in 1423ms
168 timing stage:loadIdealTree Completed in 1461ms
169 silly currentTree lib
170 silly idealTree lib
170 silly idealTree └─┬ mern-cli@2.5.0
170 silly idealTree   ├── ansi-escapes@3.1.0
170 silly idealTree   ├── ansi-regex@3.0.0
170 silly idealTree   ├── ansi-styles@3.2.1
170 silly idealTree   ├── balanced-match@1.0.0
170 silly idealTree   ├── brace-expansion@1.1.11
170 silly idealTree   ├── chalk@2.4.1
170 silly idealTree   ├── cli-cursor@2.1.0
170 silly idealTree   ├── cli-table@0.3.1
170 silly idealTree   ├── color-convert@1.9.3
170 silly idealTree   ├── color-name@1.1.3
170 silly idealTree   ├── colors@1.0.3
170 silly idealTree   ├── commander@2.18.0
170 silly idealTree   ├── concat-map@0.0.1
170 silly idealTree   ├── ejs@2.6.1
170 silly idealTree   ├── elegant-spinner@1.0.1
170 silly idealTree   ├── escape-string-regexp@1.0.5
170 silly idealTree   ├── fs.realpath@1.0.0
170 silly idealTree   ├── glob@7.1.3
170 silly idealTree   ├── has-flag@3.0.0
170 silly idealTree   ├── inflight@1.0.6
170 silly idealTree   ├── inherits@2.0.3
170 silly idealTree   ├── interpret@1.1.0
170 silly idealTree   ├── is-fullwidth-code-point@2.0.0
170 silly idealTree   ├── lift-result@0.1.5
170 silly idealTree   ├── log-update@2.3.0
170 silly idealTree   ├── mimic-fn@1.2.0
170 silly idealTree   ├── minimatch@3.0.4
170 silly idealTree   ├── minimist@0.0.8
170 silly idealTree   ├── mkdirp@0.5.1
170 silly idealTree   ├── next-tick@0.0.2
170 silly idealTree   ├── once@1.4.0
170 silly idealTree   ├── onetime@2.0.1
170 silly idealTree   ├── path-is-absolute@1.0.1
170 silly idealTree   ├── path-parse@1.0.6
170 silly idealTree   ├── rechoir@0.6.2
170 silly idealTree   ├── resolve@1.8.1
170 silly idealTree   ├── restore-cursor@2.0.0
170 silly idealTree   ├── result-core@1.2.1
170 silly idealTree   ├── result-type@1.0.0
170 silly idealTree   ├── result@1.0.3
170 silly idealTree   ├── shelljs@0.8.2
170 silly idealTree   ├── signal-exit@3.0.2
170 silly idealTree   ├── string-width@2.1.1
170 silly idealTree   ├── strip-ansi@4.0.0
170 silly idealTree   ├── supports-color@5.5.0
170 silly idealTree   ├── wrap-ansi@3.0.1
170 silly idealTree   ├── wrappy@1.0.2
170 silly idealTree   └── writefile@0.2.8
171 silly install generateActionsToTake
172 warn checkPermissions Missing write access to /usr/lib/node_modules
173 timing stage:rollbackFailedOptional Completed in 1ms
174 timing stage:runTopLevelLifecycles Completed in 1813ms
175 verbose stack Error: EACCES: permission denied, access '/usr/lib/node_modules'
176 verbose cwd /
177 verbose Linux 3.10.0-862.11.6.el7.x86_64
178 verbose argv "/usr/bin/node" "/usr/bin/npm" "install" "-g" "mern-cli"
179 verbose node v8.12.0
180 verbose npm  v6.4.1
181 error path /usr/lib/node_modules
182 error code EACCES
183 error errno -13
184 error syscall access
185 error Error: EACCES: permission denied, access '/usr/lib/node_modules'
185 error  { Error: EACCES: permission denied, access '/usr/lib/node_modules'
185 error   stack: 'Error: EACCES: permission denied, access \'/usr/lib/node_modules\'',
185 error   errno: -13,
185 error   code: 'EACCES',
185 error   syscall: 'access',
185 error   path: '/usr/lib/node_modules' }
186 error The operation was rejected by your operating system.
186 error It is likely you do not have the permissions to access this file as the current user
186 error
186 error If you believe this might be a permissions issue, please double-check the
186 error permissions of the file and its containing directories, or try running
186 error the command again as root/Administrator (though this is not recommended).
187 verbose exit [ -13, true ]
